Determining if the pthread_create exist failed with the following output:
Change Dir: /home/he/CLionProjects/DockingGuidance/cmake-build-debug/CMakeFiles/CMakeTmp

Run Build Command:"/usr/bin/make" "cmTC_ffb9a/fast"
/usr/bin/make -f CMakeFiles/cmTC_ffb9a.dir/build.make CMakeFiles/cmTC_ffb9a.dir/build
make[1]: 正在进入目录 `/home/he/CLionProjects/DockingGuidance/cmake-build-debug/CMakeFiles/CMakeTmp'
Building C object CMakeFiles/cmTC_ffb9a.dir/CheckSymbolExists.c.o
/usr/bin/cc    -o CMakeFiles/cmTC_ffb9a.dir/CheckSymbolExists.c.o   -c /home/he/CLionProjects/DockingGuidance/cmake-build-debug/CMakeFiles/CMakeTmp/CheckSymbolExists.c
Linking C executable cmTC_ffb9a
/home/he/clion-2018.3.1/bin/cmake/linux/bin/cmake -E cmake_link_script CMakeFiles/cmTC_ffb9a.dir/link.txt --verbose=1
/usr/bin/cc      -rdynamic CMakeFiles/cmTC_ffb9a.dir/CheckSymbolExists.c.o  -o cmTC_ffb9a 
CMakeFiles/cmTC_ffb9a.dir/CheckSymbolExists.c.o：在函数‘main’中：
CheckSymbolExists.c:(.text+0x16)：对‘pthread_create’未定义的引用
collect2: error: ld returned 1 exit status
make[1]: *** [cmTC_ffb9a] 错误 1
make[1]:正在离开目录 `/home/he/CLionProjects/DockingGuidance/cmake-build-debug/CMakeFiles/CMakeTmp'
make: *** [cmTC_ffb9a/fast] 错误 2

File /home/he/CLionProjects/DockingGuidance/cmake-build-debug/CMakeFiles/CMakeTmp/CheckSymbolExists.c:
/* */
#include <pthread.h>

int main(int argc, char** argv)
{
  (void)argv;
#ifndef pthread_create
  return ((int*)(&pthread_create))[argc];
#else
  (void)argc;
  return 0;
#endif
}

Determining if the function pthread_create exists in the pthreads failed with the following output:
Change Dir: /home/he/CLionProjects/DockingGuidance/cmake-build-debug/CMakeFiles/CMakeTmp

Run Build Command:"/usr/bin/make" "cmTC_8b9b6/fast"
/usr/bin/make -f CMakeFiles/cmTC_8b9b6.dir/build.make CMakeFiles/cmTC_8b9b6.dir/build
make[1]: 正在进入目录 `/home/he/CLionProjects/DockingGuidance/cmake-build-debug/CMakeFiles/CMakeTmp'
Building C object CMakeFiles/cmTC_8b9b6.dir/CheckFunctionExists.c.o
/usr/bin/cc   -DCHECK_FUNCTION_EXISTS=pthread_create   -o CMakeFiles/cmTC_8b9b6.dir/CheckFunctionExists.c.o   -c /home/he/clion-2018.3.1/bin/cmake/linux/share/cmake-3.13/Modules/CheckFunctionExists.c
Linking C executable cmTC_8b9b6
/home/he/clion-2018.3.1/bin/cmake/linux/bin/cmake -E cmake_link_script CMakeFiles/cmTC_8b9b6.dir/link.txt --verbose=1
/usr/bin/cc  -DCHECK_FUNCTION_EXISTS=pthread_create    -rdynamic CMakeFiles/cmTC_8b9b6.dir/CheckFunctionExists.c.o  -o cmTC_8b9b6 -lpthreads 
/usr/bin/ld: 找不到 -lpthreads
collect2: error: ld returned 1 exit status
make[1]: *** [cmTC_8b9b6] 错误 1
make[1]:正在离开目录 `/home/he/CLionProjects/DockingGuidance/cmake-build-debug/CMakeFiles/CMakeTmp'
make: *** [cmTC_8b9b6/fast] 错误 2


